<?xml version="1.0" encoding="UTF-8"?>
<!-- Generated by org.testng.reporters.JUnitXMLReporter -->
<testsuite ignored="4" hostname="DESKTOP-ECEQEH3" failures="0" tests="2" name="Default test" time="0.028" errors="0" timestamp="2024-02-05T23:03:55 EST">
  <testcase classname="testLayerAmzn.TestlayerAmazon" name="@BeforeSuite initialsetup" time="0.606">
    <failure type="org.openqa.selenium.SessionNotCreatedException" message="Could not start a new session. Response code 500. Message: Expected browser binary location, but unable to find binary in default location, no &amp;apos;moz:firefoxOptions.binary&amp;apos; capability provided, and no binary flag set on the command line 
Host info: host: &amp;apos;DESKTOP-ECEQEH3&amp;apos;, ip: &amp;apos;10.0.0.136&amp;apos;
Build info: version: &amp;apos;4.8.1&amp;apos;, revision: &amp;apos;8ebccac989&amp;apos;
System info: os.name: &amp;apos;Windows 11&amp;apos;, os.arch: &amp;apos;amd64&amp;apos;, os.version: &amp;apos;10.0&amp;apos;, java.version: &amp;apos;20&amp;apos;
Driver info: org.openqa.selenium.firefox.FirefoxDriver
Command: [null, newSession {capabilities=[Capabilities {acceptInsecureCerts: true, browserName: firefox, moz:debuggerAddress: true, moz:firefoxOptions: {}}], desiredCapabilities=Capabilities {acceptInsecureCerts: true, browserName: firefox, moz:debuggerAddress: true, moz:firefoxOptions: {}}}]">
      <![CDATA[org.openqa.selenium.SessionNotCreatedException: Could not start a new session. Response code 500. Message: Expected browser binary location, but unable to find binary in default location, no 'moz:firefoxOptions.binary' capability provided, and no binary flag set on the command line 
Host info: host: 'DESKTOP-ECEQEH3', ip: '10.0.0.136'
Build info: version: '4.8.1', revision: '8ebccac989'
System info: os.name: 'Windows 11', os.arch: 'amd64', os.version: '10.0', java.version: '20'
Driver info: org.openqa.selenium.firefox.FirefoxDriver
Command: [null, newSession {capabilities=[Capabilities {acceptInsecureCerts: true, browserName: firefox, moz:debuggerAddress: true, moz:firefoxOptions: {}}], desiredCapabilities=Capabilities {acceptInsecureCerts: true, browserName: firefox, moz:debuggerAddress: true, moz:firefoxOptions: {}}}]
at org.openqa.selenium.remote.ProtocolHandshake.createSession(ProtocolHandshake.java:148)
at org.openqa.selenium.remote.ProtocolHandshake.createSession(ProtocolHandshake.java:106)
at org.openqa.selenium.remote.ProtocolHandshake.createSession(ProtocolHandshake.java:67)
at org.openqa.selenium.remote.HttpCommandExecutor.execute(HttpCommandExecutor.java:156)
at org.openqa.selenium.remote.service.DriverCommandExecutor.invokeExecute(DriverCommandExecutor.java:167)
at org.openqa.selenium.remote.service.DriverCommandExecutor.execute(DriverCommandExecutor.java:142)
at org.openqa.selenium.remote.RemoteWebDriver.execute(RemoteWebDriver.java:543)
at org.openqa.selenium.remote.RemoteWebDriver.startSession(RemoteWebDriver.java:229)
at org.openqa.selenium.remote.RemoteWebDriver.<init>(RemoteWebDriver.java:157)
at org.openqa.selenium.firefox.FirefoxDriver.<init>(FirefoxDriver.java:130)
at org.openqa.selenium.firefox.FirefoxDriver.<init>(FirefoxDriver.java:111)
at org.openqa.selenium.firefox.FirefoxDriver.<init>(FirefoxDriver.java:101)
at AmazonBaseP.BaseAmazonClass.startup(BaseAmazonClass.java:38)
at testLayerAmzn.TestlayerAmazon.initialsetup(TestlayerAmazon.java:32)
at java.base/jdk.internal.reflect.DirectMethodHandleAccessor.invoke(DirectMethodHandleAccessor.java:104)
at java.base/java.lang.reflect.Method.invoke(Method.java:578)
at org.testng.internal.MethodInvocationHelper.invokeMethod(MethodInvocationHelper.java:133)
at org.testng.internal.MethodInvocationHelper.invokeMethodConsideringTimeout(MethodInvocationHelper.java:62)
at org.testng.internal.ConfigInvoker.invokeConfigurationMethod(ConfigInvoker.java:385)
at org.testng.internal.ConfigInvoker.invokeConfigurations(ConfigInvoker.java:321)
at org.testng.SuiteRunner.privateRun(SuiteRunner.java:317)
at org.testng.SuiteRunner.run(SuiteRunner.java:276)
at org.testng.SuiteRunnerWorker.runSuite(SuiteRunnerWorker.java:53)
at org.testng.SuiteRunnerWorker.run(SuiteRunnerWorker.java:96)
at org.testng.TestNG.runSuitesSequentially(TestNG.java:1212)
at org.testng.TestNG.runSuitesLocally(TestNG.java:1134)
at org.testng.TestNG.runSuites(TestNG.java:1063)
at org.testng.TestNG.run(TestNG.java:1031)
at org.testng.remote.AbstractRemoteTestNG.run(AbstractRemoteTestNG.java:115)
at org.testng.remote.RemoteTestNG.initAndRun(RemoteTestNG.java:251)
at org.testng.remote.RemoteTestNG.main(RemoteTestNG.java:77)
]]>
    </failure>
  </testcase> <!-- @BeforeSuite initialsetup -->
  <testcase classname="testLayerAmzn.TestlayerAmazon" name="@BeforeTest enteremail" time="-1.707192235067E9">
    <skipped/>
  </testcase> <!-- @BeforeTest enteremail -->
  <testcase classname="testLayerAmzn.TestlayerAmazon" name="@BeforeMethod yraccount" time="-1.707192235083E9">
    <skipped/>
  </testcase> <!-- @BeforeMethod yraccount -->
  <testcase classname="testLayerAmzn.TestlayerAmazon" name="@BeforeMethod yraccount" time="-1.707192235089E9">
    <skipped/>
  </testcase> <!-- @BeforeMethod yraccount -->
  <testcase classname="testLayerAmzn.TestlayerAmazon" name="@AfterTest close" time="-1.707192235092E9">
    <skipped/>
  </testcase> <!-- @AfterTest close -->
  <testcase classname="testLayerAmzn.TestlayerAmazon" name="Search" time="0.0">
    <skipped/>
  </testcase> <!-- Search -->
  <testcase classname="testLayerAmzn.TestlayerAmazon" name="ShoppingCart" time="0.0">
    <skipped/>
  </testcase> <!-- ShoppingCart -->
  <testcase classname="testLayerAmzn.TestlayerAmazon" name="YourOrders" time="0.0">
    <ignored/>
  </testcase> <!-- YourOrders -->
  <testcase classname="testLayerAmzn.TestlayerAmazon" name="YourAddresses" time="0.0">
    <ignored/>
  </testcase> <!-- YourAddresses -->
  <testcase classname="testLayerAmzn.TestlayerAmazon" name="YourPayments" time="0.0">
    <ignored/>
  </testcase> <!-- YourPayments -->
  <testcase classname="testLayerAmzn.TestlayerAmazon" name="LoginSecurity" time="0.0">
    <ignored/>
  </testcase> <!-- LoginSecurity -->
</testsuite> <!-- Default test -->
